[0629/181028:ERROR:process_info.cc(330)] VirtualQueryEx: Access is denied. (0x5)
[0629/181028:ERROR:process_info.cc(547)] ReadMemoryInfo failed
[0629/181028:ERROR:process_info.cc(608)] range at 0x7782ab40, size 0x24 fully unreadable
[0629/181028:ERROR:process_info.cc(608)] range at 0x7772bc84, size 0x12 fully unreadable
[0629/181028:ERROR:process_info.cc(608)] range at 0x7772bc84, size 0x12 fully unreadable
[0629/181028:ERROR:process_info.cc(608)] range at 0x7772bc84, size 0x12 fully unreadable
[0629/181028:ERROR:process_info.cc(608)] range at 0x778284b8, size 0x18 fully unreadable
[0629/181028:ERROR:process_info.cc(608)] range at 0x7782883c, size 0x20 fully unreadable
[0629/181028:ERROR:process_reader_win.cc(232)] ReadMemory at 0xf690000 of 64 bytes failed: Only part of a ReadProcessMemory or WriteProcessMemory request was completed. (0x12B)
[0629/181028:WARNING:pe_image_reader.cc(280)] could not read dos header from C:\Program Files (x86)\Google\Chrome\Application\51.0.2704.103\chrome_child.dll
[0629/181028:ERROR:process_reader_win.cc(232)] ReadMemory at 0xf690000 of 64 bytes failed: Only part of a ReadProcessMemory or WriteProcessMemory request was completed. (0x12B)
[0629/181028:WARNING:pe_image_reader.cc(280)] could not read dos header from C:\Program Files (x86)\Google\Chrome\Application\51.0.2704.103\chrome_child.dll
[0629/181028:ERROR:process_reader_win.cc(141)] SuspendThread: Access is denied. (0x5)
[0629/181028:ERROR:process_reader_win.cc(232)] ReadMemory at 0xf690000 of 64 bytes failed: Only part of a ReadProcessMemory or WriteProcessMemory request was completed. (0x12B)
[0629/181028:WARNING:pe_image_reader.cc(280)] could not read dos header from C:\Program Files (x86)\Google\Chrome\Application\51.0.2704.103\chrome_child.dll
[0629/181028:ERROR:exception_snapshot_win.cc(57)] thread ID 26680 not found in process
[0629/181028:WARNING:crash_report_exception_handler.cc(60)] ProcessSnapshotWin::InitializeException failed
[0629/181028:ERROR:scoped_process_suspend.cc(38)] NtResumeProcess, ntstatus=-1073741558
[1103/173023:ERROR:process_reader_win.cc(142)] SuspendThread: Access is denied. (0x5)
[1103/173023:ERROR:exception_snapshot_win.cc(87)] thread ID 25140 not found in process
[1103/173023:WARNING:crash_report_exception_handler.cc(56)] ProcessSnapshotWin::Initialize failed
[1103/173023:ERROR:scoped_process_suspend.cc(38)] NtResumeProcess: An attempt was made to access an exiting process.  (0xc000010a)
