[INFO  - 2016-06-15T13:39:00.366Z] GhostDriver - Main - running on port 33350
[INFO  - 2016-06-15T13:39:00.939Z] Session [849ca840-32fe-11e6-98e5-c108e62231b3] - page.settings - {"XSSAuditingEnabled":false,"javascriptCanCloseWindows":true,"javascriptCanOpenWindows":true,"javascriptEnabled":true,"loadImages":true,"localToRemoteUrlAccessEnabled":false,"userAgent":"Mozilla/5.0 (Windows NT 6.2; WOW64) AppleWebKit/538.1 (KHTML, like Gecko) PhantomJS/2.1.1 Safari/538.1","webSecurityEnabled":true}
[INFO  - 2016-06-15T13:39:00.939Z] Session [849ca840-32fe-11e6-98e5-c108e62231b3] - page.customHeaders:  - {}
[INFO  - 2016-06-15T13:39:00.940Z] Session [849ca840-32fe-11e6-98e5-c108e62231b3] - Session.negotiatedCapabilities - {"browserName":"phantomjs","version":"2.1.1","driverName":"ghostdriver","driverVersion":"1.2.0","platform":"windows-10-32bit","javascriptEnabled":true,"takesScreenshot":true,"handlesAlerts":false,"databaseEnabled":false,"locationContextEnabled":false,"applicationCacheEnabled":false,"browserConnectionEnabled":false,"cssSelectorsEnabled":true,"webStorageEnabled":false,"rotatable":false,"acceptSslCerts":false,"nativeEvents":true,"proxy":{"proxyType":"direct"}}
[INFO  - 2016-06-15T13:39:00.940Z] SessionManagerReqHand - _postNewSessionCommand - New Session Created: 849ca840-32fe-11e6-98e5-c108e62231b3
[INFO  - 2016-06-15T13:47:30.219Z] GhostDriver - Main - running on port 48747
[INFO  - 2016-06-15T13:47:30.809Z] Session [b484cc30-32ff-11e6-821a-7bafcd3934d0] - page.settings - {"XSSAuditingEnabled":false,"javascriptCanCloseWindows":true,"javascriptCanOpenWindows":true,"javascriptEnabled":true,"loadImages":true,"localToRemoteUrlAccessEnabled":false,"userAgent":"Mozilla/5.0 (Windows NT 6.2; WOW64) AppleWebKit/538.1 (KHTML, like Gecko) PhantomJS/2.1.1 Safari/538.1","webSecurityEnabled":true}
[INFO  - 2016-06-15T13:47:30.810Z] Session [b484cc30-32ff-11e6-821a-7bafcd3934d0] - page.customHeaders:  - {}
[INFO  - 2016-06-15T13:47:30.810Z] Session [b484cc30-32ff-11e6-821a-7bafcd3934d0] - Session.negotiatedCapabilities - {"browserName":"phantomjs","version":"2.1.1","driverName":"ghostdriver","driverVersion":"1.2.0","platform":"windows-10-32bit","javascriptEnabled":true,"takesScreenshot":true,"handlesAlerts":false,"databaseEnabled":false,"locationContextEnabled":false,"applicationCacheEnabled":false,"browserConnectionEnabled":false,"cssSelectorsEnabled":true,"webStorageEnabled":false,"rotatable":false,"acceptSslCerts":false,"nativeEvents":true,"proxy":{"proxyType":"direct"}}
[INFO  - 2016-06-15T13:47:30.810Z] SessionManagerReqHand - _postNewSessionCommand - New Session Created: b484cc30-32ff-11e6-821a-7bafcd3934d0
[INFO  - 2016-06-15T14:32:08.132Z] GhostDriver - Main - running on port 45926
[INFO  - 2016-06-15T14:32:08.767Z] Session [f0b4c290-3305-11e6-95bb-9b7fe19a9f66] - page.settings - {"XSSAuditingEnabled":false,"javascriptCanCloseWindows":true,"javascriptCanOpenWindows":true,"javascriptEnabled":true,"loadImages":true,"localToRemoteUrlAccessEnabled":false,"userAgent":"Mozilla/5.0 (Windows NT 6.2; WOW64) AppleWebKit/538.1 (KHTML, like Gecko) PhantomJS/2.1.1 Safari/538.1","webSecurityEnabled":true}
[INFO  - 2016-06-15T14:32:08.767Z] Session [f0b4c290-3305-11e6-95bb-9b7fe19a9f66] - page.customHeaders:  - {}
[INFO  - 2016-06-15T14:32:08.768Z] Session [f0b4c290-3305-11e6-95bb-9b7fe19a9f66] - Session.negotiatedCapabilities - {"browserName":"phantomjs","version":"2.1.1","driverName":"ghostdriver","driverVersion":"1.2.0","platform":"windows-10-32bit","javascriptEnabled":true,"takesScreenshot":true,"handlesAlerts":false,"databaseEnabled":false,"locationContextEnabled":false,"applicationCacheEnabled":false,"browserConnectionEnabled":false,"cssSelectorsEnabled":true,"webStorageEnabled":false,"rotatable":false,"acceptSslCerts":false,"nativeEvents":true,"proxy":{"proxyType":"direct"}}
[INFO  - 2016-06-15T14:32:08.768Z] SessionManagerReqHand - _postNewSessionCommand - New Session Created: f0b4c290-3305-11e6-95bb-9b7fe19a9f66
[INFO  - 2016-06-15T14:33:10.487Z] GhostDriver - Main - running on port 18788
[INFO  - 2016-06-15T14:33:11.093Z] Session [15daf3f0-3306-11e6-9bed-61db9d5b6dbe] - page.settings - {"XSSAuditingEnabled":false,"javascriptCanCloseWindows":true,"javascriptCanOpenWindows":true,"javascriptEnabled":true,"loadImages":true,"localToRemoteUrlAccessEnabled":false,"userAgent":"Mozilla/5.0 (Windows NT 6.2; WOW64) AppleWebKit/538.1 (KHTML, like Gecko) PhantomJS/2.1.1 Safari/538.1","webSecurityEnabled":true}
[INFO  - 2016-06-15T14:33:11.093Z] Session [15daf3f0-3306-11e6-9bed-61db9d5b6dbe] - page.customHeaders:  - {}
[INFO  - 2016-06-15T14:33:11.093Z] Session [15daf3f0-3306-11e6-9bed-61db9d5b6dbe] - Session.negotiatedCapabilities - {"browserName":"phantomjs","version":"2.1.1","driverName":"ghostdriver","driverVersion":"1.2.0","platform":"windows-10-32bit","javascriptEnabled":true,"takesScreenshot":true,"handlesAlerts":false,"databaseEnabled":false,"locationContextEnabled":false,"applicationCacheEnabled":false,"browserConnectionEnabled":false,"cssSelectorsEnabled":true,"webStorageEnabled":false,"rotatable":false,"acceptSslCerts":false,"nativeEvents":true,"proxy":{"proxyType":"direct"}}
[INFO  - 2016-06-15T14:33:11.094Z] SessionManagerReqHand - _postNewSessionCommand - New Session Created: 15daf3f0-3306-11e6-9bed-61db9d5b6dbe
[INFO  - 2016-06-15T14:35:34.489Z] GhostDriver - Main - running on port 15362
[INFO  - 2016-06-15T14:35:35.088Z] Session [6baeb190-3306-11e6-b193-5db6ac52939e] - page.settings - {"XSSAuditingEnabled":false,"javascriptCanCloseWindows":true,"javascriptCanOpenWindows":true,"javascriptEnabled":true,"loadImages":true,"localToRemoteUrlAccessEnabled":false,"userAgent":"Mozilla/5.0 (Windows NT 6.2; WOW64) AppleWebKit/538.1 (KHTML, like Gecko) PhantomJS/2.1.1 Safari/538.1","webSecurityEnabled":true}
[INFO  - 2016-06-15T14:35:35.088Z] Session [6baeb190-3306-11e6-b193-5db6ac52939e] - page.customHeaders:  - {}
[INFO  - 2016-06-15T14:35:35.088Z] Session [6baeb190-3306-11e6-b193-5db6ac52939e] - Session.negotiatedCapabilities - {"browserName":"phantomjs","version":"2.1.1","driverName":"ghostdriver","driverVersion":"1.2.0","platform":"windows-10-32bit","javascriptEnabled":true,"takesScreenshot":true,"handlesAlerts":false,"databaseEnabled":false,"locationContextEnabled":false,"applicationCacheEnabled":false,"browserConnectionEnabled":false,"cssSelectorsEnabled":true,"webStorageEnabled":false,"rotatable":false,"acceptSslCerts":false,"nativeEvents":true,"proxy":{"proxyType":"direct"}}
[INFO  - 2016-06-15T14:35:35.088Z] SessionManagerReqHand - _postNewSessionCommand - New Session Created: 6baeb190-3306-11e6-b193-5db6ac52939e
[INFO  - 2016-06-15T14:40:34.592Z] SessionManagerReqHand - _cleanupWindowlessSessions - Asynchronous Sessions clean-up phase starting NOW
[INFO  - 2016-06-15T14:45:34.579Z] SessionManagerReqHand - _cleanupWindowlessSessions - Asynchronous Sessions clean-up phase starting NOW
[INFO  - 2016-06-15T14:50:34.614Z] SessionManagerReqHand - _cleanupWindowlessSessions - Asynchronous Sessions clean-up phase starting NOW
[INFO  - 2016-06-15T14:55:34.616Z] SessionManagerReqHand - _cleanupWindowlessSessions - Asynchronous Sessions clean-up phase starting NOW
[INFO  - 2016-06-15T15:00:34.648Z] SessionManagerReqHand - _cleanupWindowlessSessions - Asynchronous Sessions clean-up phase starting NOW
[INFO  - 2016-06-15T15:05:34.683Z] SessionManagerReqHand - _cleanupWindowlessSessions - Asynchronous Sessions clean-up phase starting NOW
[INFO  - 2016-06-15T15:10:34.739Z] SessionManagerReqHand - _cleanupWindowlessSessions - Asynchronous Sessions clean-up phase starting NOW
[INFO  - 2016-06-15T15:15:34.702Z] SessionManagerReqHand - _cleanupWindowlessSessions - Asynchronous Sessions clean-up phase starting NOW
[INFO  - 2016-06-15T15:20:34.713Z] SessionManagerReqHand - _cleanupWindowlessSessions - Asynchronous Sessions clean-up phase starting NOW
[INFO  - 2016-06-15T15:25:34.720Z] SessionManagerReqHand - _cleanupWindowlessSessions - Asynchronous Sessions clean-up phase starting NOW
[INFO  - 2016-06-15T15:30:34.755Z] SessionManagerReqHand - _cleanupWindowlessSessions - Asynchronous Sessions clean-up phase starting NOW
[INFO  - 2016-06-15T15:35:34.735Z] SessionManagerReqHand - _cleanupWindowlessSessions - Asynchronous Sessions clean-up phase starting NOW
[INFO  - 2016-06-21T11:42:51.766Z] GhostDriver - Main - running on port 40056
[INFO  - 2016-06-21T11:42:52.348Z] Session [497c8e50-37a5-11e6-83bf-4d0e2b12b167] - page.settings - {"XSSAuditingEnabled":false,"javascriptCanCloseWindows":true,"javascriptCanOpenWindows":true,"javascriptEnabled":true,"loadImages":true,"localToRemoteUrlAccessEnabled":false,"userAgent":"Mozilla/5.0 (Windows NT 6.2; WOW64) AppleWebKit/538.1 (KHTML, like Gecko) PhantomJS/2.1.1 Safari/538.1","webSecurityEnabled":true}
[INFO  - 2016-06-21T11:42:52.348Z] Session [497c8e50-37a5-11e6-83bf-4d0e2b12b167] - page.customHeaders:  - {}
[INFO  - 2016-06-21T11:42:52.348Z] Session [497c8e50-37a5-11e6-83bf-4d0e2b12b167] - Session.negotiatedCapabilities - {"browserName":"phantomjs","version":"2.1.1","driverName":"ghostdriver","driverVersion":"1.2.0","platform":"windows-10-32bit","javascriptEnabled":true,"takesScreenshot":true,"handlesAlerts":false,"databaseEnabled":false,"locationContextEnabled":false,"applicationCacheEnabled":false,"browserConnectionEnabled":false,"cssSelectorsEnabled":true,"webStorageEnabled":false,"rotatable":false,"acceptSslCerts":false,"nativeEvents":true,"proxy":{"proxyType":"direct"}}
[INFO  - 2016-06-21T11:42:52.348Z] SessionManagerReqHand - _postNewSessionCommand - New Session Created: 497c8e50-37a5-11e6-83bf-4d0e2b12b167
